{"numFailedTestSuites":1,"numFailedTests":0,"numPassedTestSuites":0,"numPassedTests":0,"numPendingTestSuites":0,"numPendingTests":0,"numRuntimeErrorTestSuites":1,"numTodoTests":0,"numTotalTestSuites":1,"numTotalTests":0,"openHandles":[],"snapshot":{"added":0,"didUpdate":false,"failure":false,"filesAdded":0,"filesRemoved":0,"filesRemovedList":[],"filesUnmatched":0,"filesUpdated":0,"matched":0,"total":0,"unchecked":0,"uncheckedKeysByFile":[],"unmatched":0,"updated":0},"startTime":1771554410315,"success":false,"testResults":[{"assertionResults":[],"coverage":{},"endTime":1771554414517,"message":"  \u001b[1m● \u001b[22mTest suite failed to run\n\n    Cannot find module './logger.js' from 'src/middleware/cors.middleware.js'\n\n      \u001b[2mat Resolver._throwModNotFoundError (\u001b[22mnode_modules/jest-resolve/build/index.js\u001b[2m:863:11)\u001b[22m\n","name":"C:\\Users\\Usuario\\Desktop\\PROYECTO AGRICOLA\\back\\BackMaqagr\\tests\\security\\cors.test.js","startTime":1771554414517,"status":"failed","summary":""}],"wasInterrupted":false}
