{"numFailedTestSuites":1,"numFailedTests":2,"numPassedTestSuites":0,"numPassedTests":8,"numPendingTestSuites":0,"numPendingTests":0,"numRuntimeErrorTestSuites":0,"numTodoTests":0,"numTotalTestSuites":1,"numTotalTests":10,"openHandles":[],"snapshot":{"added":0,"didUpdate":false,"failure":false,"filesAdded":0,"filesRemoved":0,"filesRemovedList":[],"filesUnmatched":0,"filesUpdated":0,"matched":0,"total":0,"unchecked":0,"uncheckedKeysByFile":[],"unmatched":0,"updated":0},"startTime":1771605765713,"success":false,"testResults":[{"assertionResults":[{"ancestorTitles":["Sanitización de Inputs (XSS y SQL Injection)","XSS Protection (via middleware)"],"duration":388,"failing":false,"failureDetails":[],"failureMessages":[],"fullName":"Sanitización de Inputs (XSS y SQL Injection) XSS Protection (via middleware) debería sanitizar script tags en el body de la petición","invocations":1,"location":null,"numPassingAsserts":3,"retryReasons":[],"startAt":1771605767659,"status":"passed","title":"debería sanitizar script tags en el body de la petición"},{"ancestorTitles":["Sanitización de Inputs (XSS y SQL Injection)","XSS Protection (via middleware)"],"duration":22,"failing":false,"failureDetails":[],"failureMessages":[],"fullName":"Sanitización de Inputs (XSS y SQL Injection) XSS Protection (via middleware) debería sanitizar tags HTML peligrosos (img onerror)","invocations":1,"location":null,"numPassingAsserts":2,"retryReasons":[],"startAt":1771605768060,"status":"passed","title":"debería sanitizar tags HTML peligrosos (img onerror)"},{"ancestorTitles":["Sanitización de Inputs (XSS y SQL Injection)","XSS Protection (via middleware)"],"duration":14,"failing":false,"failureDetails":[],"failureMessages":[],"fullName":"Sanitización de Inputs (XSS y SQL Injection) XSS Protection (via middleware) debería sanitizar objetos anidados recursivamente","invocations":1,"location":null,"numPassingAsserts":3,"retryReasons":[],"startAt":1771605768083,"status":"passed","title":"debería sanitizar objetos anidados recursivamente"},{"ancestorTitles":["Sanitización de Inputs (XSS y SQL Injection)","SQL Injection Protection (via middleware)"],"duration":16,"failing":false,"failureDetails":[{"matcherResult":{"message":"\u001b[2mexpect(\u001b[22m\u001b[31mreceived\u001b[39m\u001b[2m).\u001b[22mnot\u001b[2m.\u001b[22mtoContain\u001b[2m(\u001b[22m\u001b[32mexpected\u001b[39m\u001b[2m) // indexOf\u001b[22m\n\nExpected substring: not \u001b[32m\"DROP TABLE users\"\u001b[39m\nReceived string:        \u001b[31m\"'' \u001b[7mDROP TABLE users\u001b[27m\"\u001b[39m","pass":true}}],"failureMessages":["Error: \u001b[2mexpect(\u001b[22m\u001b[31mreceived\u001b[39m\u001b[2m).\u001b[22mnot\u001b[2m.\u001b[22mtoContain\u001b[2m(\u001b[22m\u001b[32mexpected\u001b[39m\u001b[2m) // indexOf\u001b[22m\n\nExpected substring: not \u001b[32m\"DROP TABLE users\"\u001b[39m\nReceived string:        \u001b[31m\"'' \u001b[7mDROP TABLE users\u001b[27m\"\u001b[39m\n    at Object.<anonymous> (C:\\Users\\Usuario\\Desktop\\PROYECTO AGRICOLA\\back\\BackMaqagr\\tests\\security\\sanitize.test.js:85:43)\n    at processTicksAndRejections (node:internal/process/task_queues:105:5)"],"fullName":"Sanitización de Inputs (XSS y SQL Injection) SQL Injection Protection (via middleware) debería sanitizar intentos de SQL injection en el body","invocations":1,"location":null,"numPassingAsserts":2,"retryReasons":[],"startAt":1771605768099,"status":"failed","title":"debería sanitizar intentos de SQL injection en el body"},{"ancestorTitles":["Sanitización de Inputs (XSS y SQL Injection)","SQL Injection Protection (via middleware)"],"duration":11,"failing":false,"failureDetails":[{"matcherResult":{"message":"\u001b[2mexpect(\u001b[22m\u001b[31mreceived\u001b[39m\u001b[2m).\u001b[22mnot\u001b[2m.\u001b[22mtoContain\u001b[2m(\u001b[22m\u001b[32mexpected\u001b[39m\u001b[2m) // indexOf\u001b[22m\n\nExpected substring: not \u001b[32m\"' OR '\"\u001b[39m\nReceived string:        \u001b[31m\"admin@example.com'\u001b[7m' OR '\u001b[27m'1''=''1\"\u001b[39m","pass":true}}],"failureMessages":["Error: \u001b[2mexpect(\u001b[22m\u001b[31mreceived\u001b[39m\u001b[2m).\u001b[22mnot\u001b[2m.\u001b[22mtoContain\u001b[2m(\u001b[22m\u001b[32mexpected\u001b[39m\u001b[2m) // indexOf\u001b[22m\n\nExpected substring: not \u001b[32m\"' OR '\"\u001b[39m\nReceived string:        \u001b[31m\"admin@example.com'\u001b[7m' OR '\u001b[27m'1''=''1\"\u001b[39m\n    at Object.<anonymous> (C:\\Users\\Usuario\\Desktop\\PROYECTO AGRICOLA\\back\\BackMaqagr\\tests\\security\\sanitize.test.js:97:44)\n    at processTicksAndRejections (node:internal/process/task_queues:105:5)"],"fullName":"Sanitización de Inputs (XSS y SQL Injection) SQL Injection Protection (via middleware) debería sanitizar patrones OR 1=1 con comillas en los inputs","invocations":1,"location":null,"numPassingAsserts":1,"retryReasons":[],"startAt":1771605768118,"status":"failed","title":"debería sanitizar patrones OR 1=1 con comillas en los inputs"},{"ancestorTitles":["Sanitización de Inputs (XSS y SQL Injection)","Sanitización directa de funciones"],"duration":2,"failing":false,"failureDetails":[],"failureMessages":[],"fullName":"Sanitización de Inputs (XSS y SQL Injection) Sanitización directa de funciones sanitizeString debe remover script tags","invocations":1,"location":null,"numPassingAsserts":2,"retryReasons":[],"startAt":1771605768132,"status":"passed","title":"sanitizeString debe remover script tags"},{"ancestorTitles":["Sanitización de Inputs (XSS y SQL Injection)","Sanitización directa de funciones"],"duration":4,"failing":false,"failureDetails":[],"failureMessages":[],"fullName":"Sanitización de Inputs (XSS y SQL Injection) Sanitización directa de funciones sanitizeString debe remover img onerror","invocations":1,"location":null,"numPassingAsserts":1,"retryReasons":[],"startAt":1771605768135,"status":"passed","title":"sanitizeString debe remover img onerror"},{"ancestorTitles":["Sanitización de Inputs (XSS y SQL Injection)","Sanitización directa de funciones"],"duration":2,"failing":false,"failureDetails":[],"failureMessages":[],"fullName":"Sanitización de Inputs (XSS y SQL Injection) Sanitización directa de funciones sanitizeSQLInput debe escapar comillas simples","invocations":1,"location":null,"numPassingAsserts":2,"retryReasons":[],"startAt":1771605768140,"status":"passed","title":"sanitizeSQLInput debe escapar comillas simples"},{"ancestorTitles":["Sanitización de Inputs (XSS y SQL Injection)","Sanitización directa de funciones"],"duration":4,"failing":false,"failureDetails":[],"failureMessages":[],"fullName":"Sanitización de Inputs (XSS y SQL Injection) Sanitización directa de funciones sanitizeSQLInput debe remover comentarios SQL de bloque","invocations":1,"location":null,"numPassingAsserts":2,"retryReasons":[],"startAt":1771605768152,"status":"passed","title":"sanitizeSQLInput debe remover comentarios SQL de bloque"},{"ancestorTitles":["Sanitización de Inputs (XSS y SQL Injection)","Sanitización directa de funciones"],"duration":2,"failing":false,"failureDetails":[],"failureMessages":[],"fullName":"Sanitización de Inputs (XSS y SQL Injection) Sanitización directa de funciones sanitizeSQLInput debe remover punto y coma","invocations":1,"location":null,"numPassingAsserts":1,"retryReasons":[],"startAt":1771605768157,"status":"passed","title":"sanitizeSQLInput debe remover punto y coma"}],"endTime":1771605768199,"message":"\u001b[1m\u001b[31m  \u001b[1m● \u001b[22m\u001b[1mSanitización de Inputs (XSS y SQL Injection) › SQL Injection Protection (via middleware) › debería sanitizar intentos de SQL injection en el body\u001b[39m\u001b[22m\n\n    \u001b[2mexpect(\u001b[22m\u001b[31mreceived\u001b[39m\u001b[2m).\u001b[22mnot\u001b[2m.\u001b[22mtoContain\u001b[2m(\u001b[22m\u001b[32mexpected\u001b[39m\u001b[2m) // indexOf\u001b[22m\n\n    Expected substring: not \u001b[32m\"DROP TABLE users\"\u001b[39m\n    Received string:        \u001b[31m\"'' \u001b[7mDROP TABLE users\u001b[27m\"\u001b[39m\n\u001b[2m\u001b[22m\n\u001b[2m    \u001b[0m \u001b[90m 83 |\u001b[39m       \u001b[90m// Los comentarios SQL (--) deben ser removidos y las comillas simples escapadas\u001b[39m\u001b[22m\n\u001b[2m     \u001b[90m 84 |\u001b[39m       expect(response\u001b[33m.\u001b[39mbody\u001b[33m.\u001b[39mbody\u001b[33m.\u001b[39mname)\u001b[33m.\u001b[39mnot\u001b[33m.\u001b[39mtoContain(\u001b[32m\"--\"\u001b[39m)\u001b[33m;\u001b[39m\u001b[22m\n\u001b[2m    \u001b[31m\u001b[1m>\u001b[22m\u001b[2m\u001b[39m\u001b[90m 85 |\u001b[39m       expect(response\u001b[33m.\u001b[39mbody\u001b[33m.\u001b[39mbody\u001b[33m.\u001b[39mname)\u001b[33m.\u001b[39mnot\u001b[33m.\u001b[39mtoContain(\u001b[32m\"DROP TABLE users\"\u001b[39m)\u001b[33m;\u001b[39m\u001b[22m\n\u001b[2m     \u001b[90m    |\u001b[39m                                           \u001b[31m\u001b[1m^\u001b[22m\u001b[2m\u001b[39m\u001b[22m\n\u001b[2m     \u001b[90m 86 |\u001b[39m     })\u001b[33m;\u001b[39m\u001b[22m\n\u001b[2m     \u001b[90m 87 |\u001b[39m\u001b[22m\n\u001b[2m     \u001b[90m 88 |\u001b[39m     test(\u001b[32m\"debería sanitizar patrones OR 1=1 con comillas en los inputs\"\u001b[39m\u001b[33m,\u001b[39m \u001b[36masync\u001b[39m () \u001b[33m=>\u001b[39m {\u001b[0m\u001b[22m\n\u001b[2m\u001b[22m\n\u001b[2m      \u001b[2mat Object.<anonymous> (\u001b[22m\u001b[2m\u001b[0m\u001b[36mtests/security/sanitize.test.js\u001b[39m\u001b[0m\u001b[2m:85:43)\u001b[22m\u001b[2m\u001b[22m\n\n\u001b[1m\u001b[31m  \u001b[1m● \u001b[22m\u001b[1mSanitización de Inputs (XSS y SQL Injection) › SQL Injection Protection (via middleware) › debería sanitizar patrones OR 1=1 con comillas en los inputs\u001b[39m\u001b[22m\n\n    \u001b[2mexpect(\u001b[22m\u001b[31mreceived\u001b[39m\u001b[2m).\u001b[22mnot\u001b[2m.\u001b[22mtoContain\u001b[2m(\u001b[22m\u001b[32mexpected\u001b[39m\u001b[2m) // indexOf\u001b[22m\n\n    Expected substring: not \u001b[32m\"' OR '\"\u001b[39m\n    Received string:        \u001b[31m\"admin@example.com'\u001b[7m' OR '\u001b[27m'1''=''1\"\u001b[39m\n\u001b[2m\u001b[22m\n\u001b[2m    \u001b[0m \u001b[90m  95 |\u001b[39m       expect(response\u001b[33m.\u001b[39mstatus)\u001b[33m.\u001b[39mtoBe(\u001b[35m200\u001b[39m)\u001b[33m;\u001b[39m\u001b[22m\n\u001b[2m     \u001b[90m  96 |\u001b[39m       \u001b[90m// Las comillas simples deben ser escapadas (duplicadas por sanitizeSQLInput)\u001b[39m\u001b[22m\n\u001b[2m    \u001b[31m\u001b[1m>\u001b[22m\u001b[2m\u001b[39m\u001b[90m  97 |\u001b[39m       expect(response\u001b[33m.\u001b[39mbody\u001b[33m.\u001b[39mbody\u001b[33m.\u001b[39memail)\u001b[33m.\u001b[39mnot\u001b[33m.\u001b[39mtoContain(\u001b[32m\"' OR '\"\u001b[39m)\u001b[33m;\u001b[39m\u001b[22m\n\u001b[2m     \u001b[90m     |\u001b[39m                                            \u001b[31m\u001b[1m^\u001b[22m\u001b[2m\u001b[39m\u001b[22m\n\u001b[2m     \u001b[90m  98 |\u001b[39m     })\u001b[33m;\u001b[39m\u001b[22m\n\u001b[2m     \u001b[90m  99 |\u001b[39m   })\u001b[33m;\u001b[39m\u001b[22m\n\u001b[2m     \u001b[90m 100 |\u001b[39m\u001b[0m\u001b[22m\n\u001b[2m\u001b[22m\n\u001b[2m      \u001b[2mat Object.<anonymous> (\u001b[22m\u001b[2m\u001b[0m\u001b[36mtests/security/sanitize.test.js\u001b[39m\u001b[0m\u001b[2m:97:44)\u001b[22m\u001b[2m\u001b[22m\n","name":"C:\\Users\\Usuario\\Desktop\\PROYECTO AGRICOLA\\back\\BackMaqagr\\tests\\security\\sanitize.test.js","startTime":1771605765853,"status":"failed","summary":""}],"wasInterrupted":false}
